<?xml version="1.0" encoding="UTF-8"?>
<!-- Generated by org.testng.reporters.JUnitReportReporter -->
<testsuite skipped="0" hostname="ADMINRG-5P4SOQB" name="com.puma.qa.test.PumaTest" tests="2" failures="0" timestamp="31 Aug 2018 17:07:27 GMT" time="48.002" errors="0">
  <testcase name="validatePageTitle" time="18.842" classname="com.puma.qa.test.PumaTest"/>
  <testcase name="moveOnMen" time="29.160" classname="com.puma.qa.test.PumaTest"/>
</testsuite> <!-- com.puma.qa.test.PumaTest -->
